2023-09-13 22:42:04,297 [INFO] Activator:176 - 


2023-09-13 22:42:04,299 [INFO] Activator:177 - !SESSION log4j initialized
2023-09-13 22:42:06,037 [INFO] LogOutputStream:77 - [STDOUT_REDIRECT] 
2023-09-13 22:42:08,675 [INFO] ApplicationProperties:184 - Using Application install path: C:\ST\STM32CubeIDE_1.13.1\STM32CubeIDE\plugins\com.st.stm32cube.common.mx_6.9.1.202307191849
2023-09-13 22:42:08,688 [INFO] DbMcusXml:78 - Set database path to: C:\ST\STM32CubeIDE_1.13.1\STM32CubeIDE\plugins\com.st.stm32cube.common.mx_6.9.1.202307191849\\db\/mcu/
2023-09-13 22:42:08,688 [INFO] ApiDb:274 - Set plugin database path to: C:\ST\STM32CubeIDE_1.13.1\STM32CubeIDE\plugins\com.st.stm32cube.common.mx_6.9.1.202307191849\\db\/plugins/boardmanager/
2023-09-13 22:42:08,688 [WARN] ApiDb:259 - Overriding images path with different value:  => C:\ST\STM32CubeIDE_1.13.1\STM32CubeIDE\plugins\com.st.stm32cube.common.mx_6.9.1.202307191849\\db\/plugins/mcufinder/images/
2023-09-13 22:42:08,694 [INFO] ApiDb:250 - Set database path to: C:\Users\ADMIN\.stmcufinder\plugins\mcufinder//mcu/
2023-09-13 22:42:08,695 [INFO] DbMcusAds:125 - Set database path to: C:\Users\ADMIN\.stmcufinder\plugins\mcufinder//mcu/
2023-09-13 22:42:09,476 [INFO] CrossReferenceDbSqlite:203 - Set database path to: C:\Users\ADMIN\.stmcufinder\plugins\mcufinder//mcu/cs/
2023-09-13 22:42:09,552 [INFO] RulesReader:64 - Compatibility file has been processed (293 Rules)
2023-09-13 22:42:09,612 [INFO] DbMcusXml:78 - Set database path to: C:\ST\STM32CubeIDE_1.13.1\STM32CubeIDE\plugins\com.st.stm32cube.common.mx_6.9.1.202307191849\\db\/mcu/
2023-09-13 22:42:09,612 [INFO] ApiDb:274 - Set plugin database path to: C:\ST\STM32CubeIDE_1.13.1\STM32CubeIDE\plugins\com.st.stm32cube.common.mx_6.9.1.202307191849\\db\/plugins/boardmanager/
2023-09-13 22:42:09,612 [INFO] ApiDb:261 - Set plugin images path to: C:\ST\STM32CubeIDE_1.13.1\STM32CubeIDE\plugins\com.st.stm32cube.common.mx_6.9.1.202307191849\\db\/plugins/mcufinder/images/
2023-09-13 22:42:09,612 [WARN] DbFile:41 - Overriding database path with different value: C:\Users\ADMIN\.stmcufinder\plugins\mcufinder/ => C:\Users\ADMIN\.stmcufinder\plugins\mcufinder
2023-09-13 22:42:09,612 [INFO] ApiDb:250 - Set database path to: C:\Users\ADMIN\.stmcufinder\plugins\mcufinder//mcu/
2023-09-13 22:42:09,612 [WARN] DbFile:41 - Overriding database path with different value: C:\Users\ADMIN\.stmcufinder\plugins\mcufinder/ => C:\Users\ADMIN\.stmcufinder\plugins\mcufinder
2023-09-13 22:42:09,612 [INFO] DbMcusAds:125 - Set database path to: C:\Users\ADMIN\.stmcufinder\plugins\mcufinder//mcu/
2023-09-13 22:42:09,612 [WARN] DbFile:41 - Overriding database path with different value: C:\Users\ADMIN\.stmcufinder\plugins\mcufinder/ => C:\Users\ADMIN\.stmcufinder\plugins\mcufinder
2023-09-13 22:42:09,612 [WARN] DbFile:41 - Overriding database path with different value: C:\Users\ADMIN\.stmcufinder\plugins\mcufinder/ => C:\Users\ADMIN\.stmcufinder\plugins\mcufinder
2023-09-13 22:42:10,477 [INFO] CrossReferenceDbSqlite:203 - Set database path to: C:\Users\ADMIN\.stmcufinder\plugins\mcufinder//mcu/cs/
2023-09-13 22:42:10,524 [INFO] MainPanel:262 - HeapMemory: 268435456
2023-09-13 22:42:10,574 [INFO] DbMcusXml:78 - Set database path to: C:\ST\STM32CubeIDE_1.13.1\STM32CubeIDE\plugins\com.st.stm32cube.common.mx_6.9.1.202307191849\\db\/mcu/
2023-09-13 22:42:10,575 [INFO] ApiDb:274 - Set plugin database path to: C:\ST\STM32CubeIDE_1.13.1\STM32CubeIDE\plugins\com.st.stm32cube.common.mx_6.9.1.202307191849\\db\/plugins/boardmanager/
2023-09-13 22:42:10,575 [INFO] ApiDb:261 - Set plugin images path to: C:\ST\STM32CubeIDE_1.13.1\STM32CubeIDE\plugins\com.st.stm32cube.common.mx_6.9.1.202307191849\\db\/plugins/mcufinder/images/
2023-09-13 22:42:10,575 [WARN] DbFile:41 - Overriding database path with different value: C:\Users\ADMIN\.stmcufinder\plugins\mcufinder/ => C:\Users\ADMIN\.stmcufinder\plugins\mcufinder
2023-09-13 22:42:10,575 [INFO] ApiDb:250 - Set database path to: C:\Users\ADMIN\.stmcufinder\plugins\mcufinder//mcu/
2023-09-13 22:42:10,575 [WARN] DbFile:41 - Overriding database path with different value: C:\Users\ADMIN\.stmcufinder\plugins\mcufinder/ => C:\Users\ADMIN\.stmcufinder\plugins\mcufinder
2023-09-13 22:42:10,575 [INFO] DbMcusAds:125 - Set database path to: C:\Users\ADMIN\.stmcufinder\plugins\mcufinder//mcu/
2023-09-13 22:42:10,575 [WARN] DbFile:41 - Overriding database path with different value: C:\Users\ADMIN\.stmcufinder\plugins\mcufinder/ => C:\Users\ADMIN\.stmcufinder\plugins\mcufinder
2023-09-13 22:42:10,575 [WARN] DbFile:41 - Overriding database path with different value: C:\Users\ADMIN\.stmcufinder\plugins\mcufinder/ => C:\Users\ADMIN\.stmcufinder\plugins\mcufinder
2023-09-13 22:42:11,476 [INFO] CrossReferenceDbSqlite:203 - Set database path to: C:\Users\ADMIN\.stmcufinder\plugins\mcufinder//mcu/cs/
2023-09-13 22:42:11,489 [INFO] ApplicationProperties:184 - Using Application install path: C:\ST\STM32CubeIDE_1.13.1\STM32CubeIDE\plugins\com.st.stm32cube.common.mx_6.9.1.202307191849
2023-09-13 22:42:11,490 [INFO] PluginManage:196 - Search for loadable plugins [exclusion list=, ]
2023-09-13 22:42:11,491 [INFO] PluginManage:310 - Check plugin analytics
2023-09-13 22:42:12,527 [INFO] AnalyticsPlugin:253 - Accepted Software Licenses: 
2023-09-13 22:42:12,527 [INFO] AnalyticsPlugin:255 - Accepted CMSIS Pack Licenses: 
2023-09-13 22:42:12,527 [INFO] AnalyticsPlugin:257 - Accepted Firmware Licenses: 
2023-09-13 22:42:12,529 [INFO] PluginManage:359 - Loaded plugin analytics (category:tool,tabindex:-1)
2023-09-13 22:42:12,530 [INFO] PluginManage:310 - Check plugin cadmodel
2023-09-13 22:42:12,534 [INFO] CADModel:105 - Init CAD model plugin
2023-09-13 22:42:12,534 [INFO] PluginManage:359 - Loaded plugin cadmodel (category:power,tabindex:5)
2023-09-13 22:42:12,534 [INFO] PluginManage:310 - Check plugin clock
2023-09-13 22:42:12,542 [INFO] PluginManage:359 - Loaded plugin clock (category:base,tabindex:2)
2023-09-13 22:42:12,542 [INFO] PluginManage:310 - Check plugin ddr
2023-09-13 22:42:12,543 [INFO] PluginManage:359 - Loaded plugin ddr (category:tool,tabindex:6)
2023-09-13 22:42:12,543 [INFO] PluginManage:310 - Check plugin filemanager
2023-09-13 22:42:12,630 [INFO] PluginManage:359 - Loaded plugin filemanager (category:base,tabindex:10)
2023-09-13 22:42:12,630 [INFO] PluginManage:310 - Check plugin ipmanager
2023-09-13 22:42:12,635 [INFO] PluginManage:359 - Loaded plugin ipmanager (category:base,tabindex:5)
2023-09-13 22:42:12,635 [INFO] PluginManage:310 - Check plugin lpbam
2023-09-13 22:42:12,641 [INFO] PluginManage:359 - Loaded plugin lpbam (category:base,tabindex:0)
2023-09-13 22:42:12,641 [INFO] PluginManage:310 - Check plugin memorymap
2023-09-13 22:42:12,648 [INFO] PluginManage:359 - Loaded plugin memorymap (category:base,tabindex:4)
2023-09-13 22:42:12,648 [INFO] PluginManage:310 - Check plugin pinoutandconfiguration
2023-09-13 22:42:12,652 [INFO] PluginManage:359 - Loaded plugin pinoutandconfiguration (category:base,tabindex:1)
2023-09-13 22:42:12,652 [INFO] PluginManage:310 - Check plugin pinoutconfig
2023-09-13 22:42:12,708 [WARN] SupportedApi:132 - Cannot load RTOS API schema: s4s-elt-must-match.1: The content of 'definitions' must match (annotation?, (simpleType | complexType)?, (unique | key | keyref)*)). A problem was found starting at: attribute.
2023-09-13 22:42:12,816 [INFO] PluginManage:359 - Loaded plugin pinoutconfig (category:base,tabindex:0)
2023-09-13 22:42:12,817 [INFO] PluginManage:310 - Check plugin power
2023-09-13 22:42:12,823 [INFO] PluginManage:359 - Loaded plugin power (category:power,tabindex:4)
2023-09-13 22:42:12,823 [INFO] PluginManage:310 - Check plugin projectmanager
2023-09-13 22:42:12,833 [INFO] PluginManage:359 - Loaded plugin projectmanager (category:projectmanager,tabindex:3)
2023-09-13 22:42:12,833 [INFO] PluginManage:310 - Check plugin thirdparty
2023-09-13 22:42:12,904 [INFO] PluginManage:359 - Loaded plugin thirdparty (category:base,tabindex:-1)
2023-09-13 22:42:12,904 [WARN] IntegrityCheckThread:84 - waiting for thirdparty lock release [integrity check]
2023-09-13 22:42:12,904 [INFO] PluginManage:310 - Check plugin tools
2023-09-13 22:42:12,904 [INFO] IntegrityCheckThread:86 - entering critical section [integrity check]
2023-09-13 22:42:12,905 [INFO] ThirdPartyUpdaterWithRetryManager:70 - Updater plugin not ready yet. [1/15]
2023-09-13 22:42:12,906 [INFO] PluginManage:359 - Loaded plugin tools (category:base,tabindex:7)
2023-09-13 22:42:12,906 [INFO] PluginManage:310 - Check plugin tutovideos
2023-09-13 22:42:13,019 [INFO] PluginManage:359 - Loaded plugin tutovideos (category:base,tabindex:-1)
2023-09-13 22:42:13,019 [INFO] PluginManage:310 - Check plugin updater
2023-09-13 22:42:13,027 [INFO] PluginManage:359 - Loaded plugin updater (category:base,tabindex:12)
2023-09-13 22:42:13,027 [INFO] PluginManage:310 - Check plugin userauth
2023-09-13 22:42:13,030 [INFO] UserAuth:113 - Init User Auth plugin
2023-09-13 22:42:13,030 [INFO] PluginManage:359 - Loaded plugin userauth (category:base,tabindex:14)
2023-09-13 22:42:13,031 [INFO] PluginManage:283 - PluginManage : Loaded plugins [17]
2023-09-13 22:42:13,162 [INFO] PinOutPanel:1499 - setPackage(No Configuration,No Configuration)
2023-09-13 22:42:13,235 [INFO] CADModel:165 - CPN selected for project level
2023-09-13 22:42:13,235 [INFO] CADModel:114 - Register for checkConnection events
2023-09-13 22:42:13,246 [INFO] IPUIPlugin:80 - create IPUIPlugin
2023-09-13 22:42:13,246 [INFO] PluginManager:220 - loadIPPluginJar : add adc
2023-09-13 22:42:13,247 [INFO] IPUIPlugin:80 - create IPUIPlugin
2023-09-13 22:42:13,248 [INFO] PluginManager:220 - loadIPPluginJar : add aes
2023-09-13 22:42:13,249 [INFO] IPUIPlugin:80 - create IPUIPlugin
2023-09-13 22:42:13,249 [INFO] PluginManager:220 - loadIPPluginJar : add can
2023-09-13 22:42:13,250 [INFO] IPUIPlugin:80 - create IPUIPlugin
2023-09-13 22:42:13,250 [INFO] PluginManager:220 - loadIPPluginJar : add comp
2023-09-13 22:42:13,251 [INFO] IPUIPlugin:80 - create IPUIPlugin
2023-09-13 22:42:13,251 [INFO] PluginManager:220 - loadIPPluginJar : add cryp
2023-09-13 22:42:13,252 [INFO] IPUIPlugin:80 - create IPUIPlugin
2023-09-13 22:42:13,253 [INFO] PluginManager:220 - loadIPPluginJar : add dfsdm
2023-09-13 22:42:13,256 [INFO] IPUIPlugin:80 - create IPUIPlugin
2023-09-13 22:42:13,257 [INFO] PluginManager:220 - loadIPPluginJar : add dma
2023-09-13 22:42:13,259 [INFO] IPUIPlugin:80 - create IPUIPlugin
2023-09-13 22:42:13,259 [INFO] PluginManager:220 - loadIPPluginJar : add dma3
2023-09-13 22:42:13,260 [INFO] IPUIPlugin:80 - create IPUIPlugin
2023-09-13 22:42:13,260 [INFO] PluginManager:220 - loadIPPluginJar : add fatfs
2023-09-13 22:42:13,263 [INFO] IPUIPlugin:80 - create IPUIPlugin
2023-09-13 22:42:13,263 [INFO] PluginManager:220 - loadIPPluginJar : add fmc
2023-09-13 22:42:13,266 [INFO] IPUIPlugin:80 - create IPUIPlugin
2023-09-13 22:42:13,266 [INFO] PluginManager:220 - loadIPPluginJar : add freertos
2023-09-13 22:42:13,266 [INFO] IPUIPlugin:80 - create IPUIPlugin
2023-09-13 22:42:13,267 [INFO] PluginManager:220 - loadIPPluginJar : add genericplugin
2023-09-13 22:42:13,268 [INFO] IPUIPlugin:80 - create IPUIPlugin
2023-09-13 22:42:13,268 [INFO] PluginManager:220 - loadIPPluginJar : add gfxmmu
2023-09-13 22:42:13,270 [INFO] IPUIPlugin:80 - create IPUIPlugin
2023-09-13 22:42:13,271 [INFO] PluginManager:220 - loadIPPluginJar : add gic
2023-09-13 22:42:13,273 [INFO] IPUIPlugin:80 - create IPUIPlugin
2023-09-13 22:42:13,274 [INFO] PluginManager:220 - loadIPPluginJar : add gpio
2023-09-13 22:42:13,275 [INFO] IPUIPlugin:80 - create IPUIPlugin
2023-09-13 22:42:13,275 [INFO] PluginManager:220 - loadIPPluginJar : add gtzc
2023-09-13 22:42:13,276 [INFO] IPUIPlugin:80 - create IPUIPlugin
2023-09-13 22:42:13,277 [INFO] PluginManager:220 - loadIPPluginJar : add hash
2023-09-13 22:42:13,278 [INFO] IPUIPlugin:80 - create IPUIPlugin
2023-09-13 22:42:13,278 [INFO] PluginManager:220 - loadIPPluginJar : add i2c
2023-09-13 22:42:13,280 [INFO] IPUIPlugin:80 - create IPUIPlugin
2023-09-13 22:42:13,280 [INFO] PluginManager:220 - loadIPPluginJar : add i2s
2023-09-13 22:42:13,281 [INFO] IPUIPlugin:80 - create IPUIPlugin
2023-09-13 22:42:13,281 [INFO] PluginManager:220 - loadIPPluginJar : add i3c
2023-09-13 22:42:13,283 [INFO] IPUIPlugin:80 - create IPUIPlugin
2023-09-13 22:42:13,283 [INFO] PluginManager:220 - loadIPPluginJar : add ipddr
2023-09-13 22:42:13,288 [INFO] IPUIPlugin:80 - create IPUIPlugin
2023-09-13 22:42:13,288 [INFO] PluginManager:220 - loadIPPluginJar : add linkedlist
2023-09-13 22:42:13,289 [INFO] IPUIPlugin:80 - create IPUIPlugin
2023-09-13 22:42:13,289 [INFO] PluginManager:220 - loadIPPluginJar : add lorawan
2023-09-13 22:42:13,290 [INFO] IPUIPlugin:80 - create IPUIPlugin
2023-09-13 22:42:13,290 [INFO] PluginManager:220 - loadIPPluginJar : add ltdc
2023-09-13 22:42:13,294 [INFO] IPUIPlugin:80 - create IPUIPlugin
2023-09-13 22:42:13,295 [INFO] PluginManager:220 - loadIPPluginJar : add mdma
2023-09-13 22:42:13,297 [INFO] IPUIPlugin:80 - create IPUIPlugin
2023-09-13 22:42:13,297 [INFO] PluginManager:220 - loadIPPluginJar : add nvic
2023-09-13 22:42:13,299 [INFO] IPUIPlugin:80 - create IPUIPlugin
2023-09-13 22:42:13,299 [INFO] PluginManager:220 - loadIPPluginJar : add opamp
2023-09-13 22:42:13,301 [INFO] IPUIPlugin:80 - create IPUIPlugin
2023-09-13 22:42:13,301 [INFO] PluginManager:220 - loadIPPluginJar : add openamp
2023-09-13 22:42:13,303 [INFO] IPUIPlugin:80 - create IPUIPlugin
2023-09-13 22:42:13,303 [INFO] PluginManager:220 - loadIPPluginJar : add pdm2pcm
2023-09-13 22:42:13,307 [INFO] IPUIPlugin:80 - create IPUIPlugin
2023-09-13 22:42:13,309 [INFO] PluginManager:220 - loadIPPluginJar : add plateformsettings
2023-09-13 22:42:13,311 [INFO] IPUIPlugin:80 - create IPUIPlugin
2023-09-13 22:42:13,311 [INFO] PluginManager:220 - loadIPPluginJar : add quadspi
2023-09-13 22:42:13,313 [INFO] IPUIPlugin:80 - create IPUIPlugin
2023-09-13 22:42:13,313 [INFO] PluginManager:220 - loadIPPluginJar : add resmgrutility
2023-09-13 22:42:13,315 [INFO] IPUIPlugin:80 - create IPUIPlugin
2023-09-13 22:42:13,315 [INFO] PluginManager:220 - loadIPPluginJar : add sai
2023-09-13 22:42:13,316 [INFO] IPUIPlugin:80 - create IPUIPlugin
2023-09-13 22:42:13,317 [INFO] PluginManager:220 - loadIPPluginJar : add spi
2023-09-13 22:42:13,320 [INFO] IPUIPlugin:80 - create IPUIPlugin
2023-09-13 22:42:13,320 [INFO] PluginManager:220 - loadIPPluginJar : add stm32_wpan
2023-09-13 22:42:13,321 [INFO] IPUIPlugin:80 - create IPUIPlugin
2023-09-13 22:42:13,321 [INFO] PluginManager:220 - loadIPPluginJar : add tim
2023-09-13 22:42:13,323 [INFO] IPUIPlugin:80 - create IPUIPlugin
2023-09-13 22:42:13,323 [INFO] PluginManager:220 - loadIPPluginJar : add touchsensing
2023-09-13 22:42:13,325 [INFO] IPUIPlugin:80 - create IPUIPlugin
2023-09-13 22:42:13,325 [INFO] PluginManager:220 - loadIPPluginJar : add tracer_emb
2023-09-13 22:42:13,326 [INFO] IPUIPlugin:80 - create IPUIPlugin
2023-09-13 22:42:13,326 [INFO] PluginManager:220 - loadIPPluginJar : add ts
2023-09-13 22:42:13,327 [INFO] IPUIPlugin:80 - create IPUIPlugin
2023-09-13 22:42:13,327 [INFO] PluginManager:220 - loadIPPluginJar : add tsc
2023-09-13 22:42:13,328 [INFO] IPUIPlugin:80 - create IPUIPlugin
2023-09-13 22:42:13,328 [INFO] PluginManager:220 - loadIPPluginJar : add ucpd
2023-09-13 22:42:13,330 [INFO] IPUIPlugin:80 - create IPUIPlugin
2023-09-13 22:42:13,331 [INFO] PluginManager:220 - loadIPPluginJar : add usart
2023-09-13 22:42:13,333 [INFO] IPUIPlugin:80 - create IPUIPlugin
2023-09-13 22:42:13,333 [INFO] PluginManager:220 - loadIPPluginJar : add usbx
2023-09-13 22:42:13,447 [INFO] CADModel:165 - CPN selected for project level
2023-09-13 22:42:13,447 [INFO] CADModel:114 - Register for checkConnection events
2023-09-13 22:42:13,447 [FATAL] Updater:308 - Updater called before beeing initialized
2023-09-13 22:42:13,447 [ERROR] CADModel:125 - Updater not yet initialized, retry later 
2023-09-13 22:42:13,541 [INFO] CADModel:165 - CPN selected for project level
2023-09-13 22:42:13,541 [INFO] CADModel:114 - Register for checkConnection events
2023-09-13 22:42:13,541 [FATAL] Updater:308 - Updater called before beeing initialized
2023-09-13 22:42:13,541 [ERROR] CADModel:125 - Updater not yet initialized, retry later 
2023-09-13 22:42:13,544 [FATAL] Updater:308 - Updater called before beeing initialized
2023-09-13 22:42:13,606 [FATAL] Updater:308 - Updater called before beeing initialized
2023-09-13 22:42:13,611 [INFO] DbMcusAds:53 - JSON generation date=Thu Sep 30 13:55:09 ICT 2021 (1632984909247)
2023-09-13 22:42:13,611 [FATAL] Updater:308 - Updater called before beeing initialized
2023-09-13 22:42:13,638 [WARN] DetailPanel:346 - Failed to get advertising image, set to default
2023-09-13 22:42:13,711 [FATAL] Updater:308 - Updater called before beeing initialized
2023-09-13 22:42:13,713 [FATAL] Updater:308 - Updater called before beeing initialized
2023-09-13 22:42:13,713 [FATAL] Updater:308 - Updater called before beeing initialized
2023-09-13 22:42:13,713 [WARN] DetailPanel:346 - Failed to get advertising image, set to default
2023-09-13 22:42:13,713 [FATAL] Updater:308 - Updater called before beeing initialized
2023-09-13 22:42:13,742 [ERROR] Updater:1120 - MainUpdater not yet initialized. External WinMGr cannot be set.
2023-09-13 22:42:13,744 [INFO] Updater:1056 - Updater Version found : 6.9.1
2023-09-13 22:42:13,757 [INFO] ApplicationProperties:184 - Using Application install path: C:\ST\STM32CubeIDE_1.13.1\STM32CubeIDE\plugins\com.st.stm32cube.common.mx_6.9.1.202307191849
2023-09-13 22:42:13,976 [INFO] MainUpdater:2868 - connection check result : 10
2023-09-13 22:42:13,976 [INFO] MainUpdater:285 - Updater Check For Update Now.
2023-09-13 22:42:13,977 [INFO] MicroXplorer:498 - Change Database Version : DB.6.0.91
2023-09-13 22:42:13,984 [INFO] McuFinderGlobals:63 - Set McuFinder mode to 2 (CubeIDE integrated)
2023-09-13 22:42:13,985 [INFO] UserAuth:179 - activating auth plugin
2023-09-13 22:42:13,986 [INFO] UserAuth:393 - Internet connection configuration mode: 1
2023-09-13 22:42:14,017 [INFO] JxBrowserEngine:151 - Initiate JxBrowser Engine with user profile folder
2023-09-13 22:42:14,131 [INFO] CheckServerUpdateThread:120 - End of CheckServer Thread
2023-09-13 22:42:14,478 [INFO] WebApp:157 - Instantiating new browser for Auth
2023-09-13 22:42:14,801 [INFO] WebApp:753 - Register for checkConnection events
2023-09-13 22:42:14,801 [INFO] WebApp:390 - Apply proxy settings
2023-09-13 22:42:14,801 [INFO] WebApp:475 - Chromium requires no authentication
2023-09-13 22:42:14,805 [INFO] WebApp:418 - Direct internet connection detected
2023-09-13 22:42:14,908 [INFO] WebApp:188 - Starting web application
2023-09-13 22:42:14,908 [INFO] WebApp:520 - Web application path used C:\ST\STM32CubeIDE_1.13.1\STM32CubeIDE\plugins\com.st.stm32cube.common.mx_6.9.1.202307191849\db\plugins\mcufinder\reactClient1\index.html
2023-09-13 22:42:15,999 [WARN] PackLoader:240 - Cannot read IP mode file for STMicroelectronics.X-CUBE-SMBUS.2.1.0
2023-09-13 22:42:16,025 [WARN] PackLoader:240 - Cannot read IP mode file for STMicroelectronics.X-CUBE-AZRTOS-F7.1.1.0
2023-09-13 22:42:16,036 [WARN] PackLoader:240 - Cannot read IP mode file for STMicroelectronics.FP-SNS-MOTENV1.4.3.2
2023-09-13 22:42:16,041 [WARN] PackLoader:240 - Cannot read IP mode file for STMicroelectronics.FP-SNS-FLIGHT1.5.0.2
2023-09-13 22:42:16,049 [WARN] PackLoader:240 - Cannot read IP mode file for STMicroelectronics.X-CUBE-DISPLAY.3.0.0
2023-09-13 22:42:16,062 [WARN] PackLoader:240 - Cannot read IP mode file for STMicroelectronics.X-CUBE-BLE1.7.0.0
2023-09-13 22:42:16,066 [WARN] PackLoader:240 - Cannot read IP mode file for emotas.I-CUBE-CANOPEN.1.3.0
2023-09-13 22:42:16,071 [WARN] PackLoader:240 - Cannot read IP mode file for STMicroelectronics.X-CUBE-TOUCHGFX.4.22.0
2023-09-13 22:42:16,075 [WARN] PackLoader:240 - Cannot read IP mode file for STMicroelectronics.FP-SNS-SMARTAG2.1.2.0
2023-09-13 22:42:16,086 [INFO] LogOutputStream:77 - [STDOUT_REDIRECT] 1 : Invalid condition id : UX_CORESTACK_Condition cause : null
2023-09-13 22:42:16,086 [INFO] LogOutputStream:77 - [STDOUT_REDIRECT] 1 : Invalid condition id : UX_CORESTACK_Condition cause : null
2023-09-13 22:42:16,087 [INFO] LogOutputStream:77 - [STDOUT_REDIRECT] 1 : Invalid condition id : UX_CORESTACK_Condition cause : null
2023-09-13 22:42:16,088 [INFO] LogOutputStream:77 - [STDOUT_REDIRECT] 1 : Invalid condition id : UX_CORESTACK_Condition cause : null
2023-09-13 22:42:16,090 [INFO] LogOutputStream:77 - [STDOUT_REDIRECT] 1 : Invalid condition id : UX_CORESTACK_Condition cause : null
2023-09-13 22:42:16,093 [WARN] PackLoader:240 - Cannot read IP mode file for STMicroelectronics.X-CUBE-AZRTOS-WL.2.0.0
2023-09-13 22:42:16,104 [WARN] PackLoader:240 - Cannot read IP mode file for WES.I-CUBE-Cesium.1.3.0
2023-09-13 22:42:16,108 [WARN] PackLoader:240 - Cannot read IP mode file for STMicroelectronics.X-CUBE-BLE2.3.3.0
2023-09-13 22:42:16,113 [WARN] PackLoader:240 - Cannot read IP mode file for STMicroelectronics.X-CUBE-ALGOBUILD.1.3.0
2023-09-13 22:42:16,131 [WARN] PackLoader:240 - Cannot read IP mode file for STMicroelectronics.X-CUBE-AZRTOS-G0.1.1.0
2023-09-13 22:42:16,137 [WARN] PackLoader:240 - Cannot read IP mode file for STMicroelectronics.X-CUBE-NFC4.3.0.0
2023-09-13 22:42:16,141 [WARN] PackLoader:240 - Cannot read IP mode file for STMicroelectronics.FP-ATR-SIGFOX1.3.2.0
2023-09-13 22:42:16,176 [WARN] PackLoader:240 - Cannot read IP mode file for SEGGER.I-CUBE-embOS.1.3.1
2023-09-13 22:42:16,235 [WARN] PackLoader:240 - Cannot read IP mode file for STMicroelectronics.X-CUBE-GNSS1.6.0.0
2023-09-13 22:42:16,253 [WARN] PackLoader:240 - Cannot read IP mode file for STMicroelectronics.X-CUBE-AZRTOS-F4.1.1.0
2023-09-13 22:42:16,260 [WARN] PackLoader:240 - Cannot read IP mode file for wolfSSL.I-CUBE-wolfSSL.5.6.3
2023-09-13 22:42:16,276 [WARN] PackLoader:240 - Cannot read IP mode file for STMicroelectronics.X-CUBE-AZRTOS-L5.2.0.0
2023-09-13 22:42:16,307 [WARN] PackLoader:240 - Cannot read IP mode file for STMicroelectronics.X-CUBE-MEMS1.9.6.0
2023-09-13 22:42:16,418 [WARN] PackLoader:240 - Cannot read IP mode file for STMicroelectronics.X-CUBE-BLEMGR.2.0.0
2023-09-13 22:42:16,428 [WARN] ConditionMgr:438 - getConditionDescription Invalid condition id : UX DEVICE CLASS RTOS Condition cause : null
2023-09-13 22:42:16,428 [WARN] ConditionMgr:438 - getConditionDescription Invalid condition id : UX DEVICE CLASS RTOS Condition cause : null
2023-09-13 22:42:16,429 [WARN] PackLoader:240 - Cannot read IP mode file for STMicroelectronics.X-CUBE-AZRTOS-H7.3.1.0
2023-09-13 22:42:16,430 [WARN] ConditionMgr:1039 - genDependencies : Invalid condition id : UX DEVICE CLASS RTOS Condition cause : null
2023-09-13 22:42:16,430 [WARN] ConditionMgr:1039 - genDependencies : Invalid condition id : UX DEVICE CLASS RTOS Condition cause : null
2023-09-13 22:42:16,431 [WARN] ConditionMgr:1039 - genDependencies : Invalid condition id : UX DEVICE CLASS RTOS Condition cause : null
2023-09-13 22:42:16,431 [WARN] ConditionMgr:1039 - genDependencies : Invalid condition id : UX DEVICE CLASS RTOS Condition cause : null
2023-09-13 22:42:16,431 [WARN] ConditionMgr:1039 - genDependencies : Invalid condition id : UX DEVICE CLASS RTOS Condition cause : null
2023-09-13 22:42:16,435 [WARN] PackLoader:240 - Cannot read IP mode file for STMicroelectronics.X-CUBE-NFC7.1.0.1
2023-09-13 22:42:16,439 [WARN] PackLoader:240 - Cannot read IP mode file for STMicroelectronics.X-CUBE-NFC6.3.0.0
2023-09-13 22:42:16,443 [WARN] PackLoader:240 - Cannot read IP mode file for STMicroelectronics.X-CUBE-EEPRMA1.4.1.0
2023-09-13 22:42:16,447 [WARN] PackLoader:240 - Cannot read IP mode file for STMicroelectronics.X-CUBE-AI.8.1.0
2023-09-13 22:42:16,456 [WARN] ConditionMgr:438 - getConditionDescription Invalid condition id : LAN8742 Phy interface Condition cause : null
2023-09-13 22:42:16,457 [WARN] PackLoader:240 - Cannot read IP mode file for STMicroelectronics.X-CUBE-AZRTOS-L4.2.0.0
2023-09-13 22:42:16,458 [WARN] ConditionMgr:1039 - genDependencies : Invalid condition id : LAN8742 Phy interface Condition cause : null
2023-09-13 22:42:16,458 [WARN] ConditionMgr:1039 - genDependencies : Invalid condition id : LAN8742 Phy interface Condition cause : null
2023-09-13 22:42:16,459 [WARN] ConditionMgr:1039 - genDependencies : Invalid condition id : LAN8742 Phy interface Condition cause : null
2023-09-13 22:42:16,465 [WARN] PackLoader:240 - Cannot read IP mode file for STMicroelectronics.X-CUBE-SFXS2LP1.4.0.0
2023-09-13 22:42:16,468 [WARN] PackLoader:240 - Cannot read IP mode file for STMicroelectronics.X-CUBE-ISPU.1.1.0
2023-09-13 22:42:16,475 [WARN] ConditionMgr:438 - getConditionDescription Invalid condition id : UX DEVICE CLASS RTOS Condition cause : null
2023-09-13 22:42:16,475 [WARN] ConditionMgr:438 - getConditionDescription Invalid condition id : UX DEVICE CLASS RTOS Condition cause : null
2023-09-13 22:42:16,476 [WARN] PackLoader:240 - Cannot read IP mode file for STMicroelectronics.X-CUBE-AZRTOS-WB.2.0.0
2023-09-13 22:42:16,477 [WARN] ConditionMgr:1039 - genDependencies : Invalid condition id : UX DEVICE CLASS RTOS Condition cause : null
2023-09-13 22:42:16,477 [WARN] ConditionMgr:1039 - genDependencies : Invalid condition id : UX DEVICE CLASS RTOS Condition cause : null
2023-09-13 22:42:16,477 [WARN] ConditionMgr:1039 - genDependencies : Invalid condition id : UX DEVICE CLASS RTOS Condition cause : null
2023-09-13 22:42:16,478 [WARN] ConditionMgr:1039 - genDependencies : Invalid condition id : UX DEVICE CLASS RTOS Condition cause : null
2023-09-13 22:42:16,478 [WARN] ConditionMgr:1039 - genDependencies : Invalid condition id : UX DEVICE CLASS RTOS Condition cause : null
2023-09-13 22:42:16,485 [WARN] PackLoader:240 - Cannot read IP mode file for STMicroelectronics.X-CUBE-SUBG2.5.0.0
2023-09-13 22:42:16,502 [WARN] PackLoader:240 - Cannot read IP mode file for STMicroelectronics.X-CUBE-TOF1.3.3.1
2023-09-13 22:42:16,515 [WARN] PackLoader:240 - Cannot read IP mode file for STMicroelectronics.X-CUBE-AZRTOS-G4.2.0.0
2023-09-13 22:42:16,521 [WARN] PackLoader:240 - Cannot read IP mode file for STMicroelectronics.X-CUBE-FREERTOS.1.1.0
2023-09-13 22:42:16,526 [WARN] PackLoader:240 - Cannot read IP mode file for portGmbH.I-Cube-SoM-uGOAL.1.1.0
2023-09-13 22:42:16,529 [WARN] PackLoader:240 - Cannot read IP mode file for STMicroelectronics.X-CUBE-ALS.1.0.1
2023-09-13 22:42:16,533 [WARN] PackLoader:240 - Cannot read IP mode file for STMicroelectronics.FP-ATR-ASTRA1.2.0.0
2023-09-13 22:42:16,534 [INFO] ThirdParty:978 - Integrity check success = true
2023-09-13 22:42:16,534 [INFO] IntegrityCheckThread:100 - exiting critical section [integrity check]
2023-09-13 22:42:16,534 [INFO] IntegrityCheckThread:103 - End integrity checks thread
2023-09-13 22:42:35,427 [ERROR] LogOutputStream:75 - [STDERR_REDIRECT] SLF4J: Failed to load class "org.slf4j.impl.StaticLoggerBinder".
2023-09-13 22:42:35,428 [ERROR] LogOutputStream:75 - [STDERR_REDIRECT] SLF4J: Defaulting to no-operation (NOP) logger implementation
2023-09-13 22:42:35,429 [ERROR] LogOutputStream:75 - [STDERR_REDIRECT] SLF4J: See http://www.slf4j.org/codes.html#StaticLoggerBinder for further details.
2023-09-13 22:43:07,256 [INFO] LogOutputStream:77 - [STDOUT_REDIRECT] Unexpected error loading extension: org.eclipse.equinox.p2.metadata.repository.compositeRepository
2023-09-13 22:43:07,258 [ERROR] LogOutputStream:75 - [STDERR_REDIRECT] java.lang.IllegalStateException: bundle org.eclipse.equinox.p2.repositoryis not started
2023-09-13 22:43:07,260 [ERROR] LogOutputStream:75 - [STDERR_REDIRECT] 	at org.eclipse.equinox.internal.p2.repository.Activator.getContext(Activator.java:65)
2023-09-13 22:43:07,262 [ERROR] LogOutputStream:75 - [STDERR_REDIRECT] 	at org.eclipse.equinox.internal.p2.repository.helpers.AbstractRepositoryManager.restoreFromSystemProperty(AbstractRepositoryManager.java:1013)
2023-09-13 22:43:07,263 [ERROR] LogOutputStream:75 - [STDERR_REDIRECT] 	at org.eclipse.equinox.internal.p2.repository.helpers.AbstractRepositoryManager.restoreRepositories(AbstractRepositoryManager.java:1033)
2023-09-13 22:43:07,265 [ERROR] LogOutputStream:75 - [STDERR_REDIRECT] 	at org.eclipse.equinox.internal.p2.repository.helpers.AbstractRepositoryManager.sortSuffixes(AbstractRepositoryManager.java:1112)
2023-09-13 22:43:07,267 [ERROR] LogOutputStream:75 - [STDERR_REDIRECT] 	at org.eclipse.equinox.internal.p2.repository.helpers.AbstractRepositoryManager.loadRepository(AbstractRepositoryManager.java:676)
2023-09-13 22:43:07,269 [ERROR] LogOutputStream:75 - [STDERR_REDIRECT] 	at org.eclipse.equinox.internal.p2.metadata.repository.MetadataRepositoryManager.loadRepository(MetadataRepositoryManager.java:110)
2023-09-13 22:43:07,271 [ERROR] LogOutputStream:75 - [STDERR_REDIRECT] 	at org.eclipse.equinox.internal.p2.metadata.repository.MetadataRepositoryManager.loadRepository(MetadataRepositoryManager.java:105)
2023-09-13 22:43:07,273 [ERROR] LogOutputStream:75 - [STDERR_REDIRECT] 	at org.eclipse.equinox.internal.p2.metadata.repository.CompositeMetadataRepository.addChild(CompositeMetadataRepository.java:171)
2023-09-13 22:43:07,274 [ERROR] LogOutputStream:75 - [STDERR_REDIRECT] 	at org.eclipse.equinox.internal.p2.metadata.repository.CompositeMetadataRepository.<init>(CompositeMetadataRepository.java:113)
2023-09-13 22:43:07,276 [ERROR] LogOutputStream:75 - [STDERR_REDIRECT] 	at org.eclipse.equinox.internal.p2.metadata.repository.CompositeMetadataRepositoryFactory.load(CompositeMetadataRepositoryFactory.java:124)
2023-09-13 22:43:07,278 [ERROR] LogOutputStream:75 - [STDERR_REDIRECT] 	at org.eclipse.equinox.internal.p2.metadata.repository.MetadataRepositoryManager.factoryLoad(MetadataRepositoryManager.java:63)
2023-09-13 22:43:07,281 [ERROR] LogOutputStream:75 - [STDERR_REDIRECT] 	at org.eclipse.equinox.internal.p2.repository.helpers.AbstractRepositoryManager.loadRepository(AbstractRepositoryManager.java:787)
2023-09-13 22:43:07,283 [ERROR] LogOutputStream:75 - [STDERR_REDIRECT] 	at org.eclipse.equinox.internal.p2.repository.helpers.AbstractRepositoryManager.loadRepository(AbstractRepositoryManager.java:685)
2023-09-13 22:43:07,284 [ERROR] LogOutputStream:75 - [STDERR_REDIRECT] 	at org.eclipse.equinox.internal.p2.metadata.repository.MetadataRepositoryManager.loadRepository(MetadataRepositoryManager.java:110)
2023-09-13 22:43:07,286 [ERROR] LogOutputStream:75 - [STDERR_REDIRECT] 	at org.eclipse.equinox.internal.p2.metadata.repository.MetadataRepositoryManager.loadRepository(MetadataRepositoryManager.java:105)
2023-09-13 22:43:07,288 [ERROR] LogOutputStream:75 - [STDERR_REDIRECT] 	at org.eclipse.equinox.internal.p2.metadata.repository.CompositeMetadataRepository.addChild(CompositeMetadataRepository.java:171)
2023-09-13 22:43:07,289 [ERROR] LogOutputStream:75 - [STDERR_REDIRECT] 	at org.eclipse.equinox.internal.p2.metadata.repository.CompositeMetadataRepository.<init>(CompositeMetadataRepository.java:113)
2023-09-13 22:43:07,291 [ERROR] LogOutputStream:75 - [STDERR_REDIRECT] 	at org.eclipse.equinox.internal.p2.metadata.repository.CompositeMetadataRepositoryFactory.load(CompositeMetadataRepositoryFactory.java:124)
2023-09-13 22:43:07,293 [ERROR] LogOutputStream:75 - [STDERR_REDIRECT] 	at org.eclipse.equinox.internal.p2.metadata.repository.MetadataRepositoryManager.factoryLoad(MetadataRepositoryManager.java:63)
2023-09-13 22:43:07,295 [ERROR] LogOutputStream:75 - [STDERR_REDIRECT] 	at org.eclipse.equinox.internal.p2.repository.helpers.AbstractRepositoryManager.loadRepository(AbstractRepositoryManager.java:787)
2023-09-13 22:43:07,296 [ERROR] LogOutputStream:75 - [STDERR_REDIRECT] 	at org.eclipse.equinox.internal.p2.repository.helpers.AbstractRepositoryManager.loadRepository(AbstractRepositoryManager.java:685)
2023-09-13 22:43:07,299 [ERROR] LogOutputStream:75 - [STDERR_REDIRECT] 	at org.eclipse.equinox.internal.p2.metadata.repository.MetadataRepositoryManager.loadRepository(MetadataRepositoryManager.java:110)
